--- Error 1 ---
: ModuleNotFoundError: Module not found: Error: Can't resolve './styles.scss' in '/Users/mac/Desktop/gums/chattm/chattm-app/build/src/components/chat'
    at /Users/mac/Desktop/gums/chattm/chattm-app/node_modules/webpack/lib/Compilation.js:2022:28
    at /Users/mac/Desktop/gums/chattm/chattm-app/node_modules/webpack/lib/NormalModuleFactory.js:817:13
    at eval (eval at create (/Users/mac/Desktop/gums/chattm/chattm-app/node_modules/tapable/lib/HookCodeFactory.js:33:10), <anonymous>:10:1)
    at /Users/mac/Desktop/gums/chattm/chattm-app/node_modules/webpack/lib/NormalModuleFactory.js:275:22
    at eval (eval at create (/Users/mac/Desktop/gums/chattm/chattm-app/node_modules/tapable/lib/HookCodeFactory.js:33:10), <anonymous>:9:1)
    at /Users/mac/Desktop/gums/chattm/chattm-app/node_modules/webpack/lib/NormalModuleFactory.js:448:22
    at /Users/mac/Desktop/gums/chattm/chattm-app/node_modules/webpack/lib/NormalModuleFactory.js:118:11
    at /Users/mac/Desktop/gums/chattm/chattm-app/node_modules/webpack/lib/NormalModuleFactory.js:689:25
    at /Users/mac/Desktop/gums/chattm/chattm-app/node_modules/webpack/lib/NormalModuleFactory.js:893:8
    at /Users/mac/Desktop/gums/chattm/chattm-app/node_modules/webpack/lib/NormalModuleFactory.js:1013:5
    at /Users/mac/Desktop/gums/chattm/chattm-app/node_modules/neo-async/async.js:6883:13
    at Array.<anonymous> (/Users/mac/Desktop/gums/chattm/chattm-app/node_modules/webpack/lib/NormalModuleFactory.js:988:14)
    at arrayEachFunc (/Users/mac/Desktop/gums/chattm/chattm-app/node_modules/neo-async/async.js:2517:19)
    at Object.parallel (/Users/mac/Desktop/gums/chattm/chattm-app/node_modules/neo-async/async.js:6858:9)
    at NormalModuleFactory._resolveResourceErrorHints (/Users/mac/Desktop/gums/chattm/chattm-app/node_modules/webpack/lib/NormalModuleFactory.js:911:12)
    at /Users/mac/Desktop/gums/chattm/chattm-app/node_modules/webpack/lib/NormalModuleFactory.js:853:18
    at finishWithoutResolve (/Users/mac/Desktop/gums/chattm/chattm-app/node_modules/enhanced-resolve/lib/Resolver.js:372:11)
    at /Users/mac/Desktop/gums/chattm/chattm-app/node_modules/enhanced-resolve/lib/Resolver.js:461:15
    at /Users/mac/Desktop/gums/chattm/chattm-app/node_modules/enhanced-resolve/lib/Resolver.js:519:5
    at eval (eval at create (/Users/mac/Desktop/gums/chattm/chattm-app/node_modules/tapable/lib/HookCodeFactory.js:33:10), <anonymous>:15:1)
    at /Users/mac/Desktop/gums/chattm/chattm-app/node_modules/enhanced-resolve/lib/Resolver.js:519:5
    at eval (eval at create (/Users/mac/Desktop/gums/chattm/chattm-app/node_modules/tapable/lib/HookCodeFactory.js:33:10), <anonymous>:27:1)
    at /Users/mac/Desktop/gums/chattm/chattm-app/node_modules/enhanced-resolve/lib/DescriptionFilePlugin.js:89:43
    at /Users/mac/Desktop/gums/chattm/chattm-app/node_modules/enhanced-resolve/lib/Resolver.js:519:5
    at eval (eval at create (/Users/mac/Desktop/gums/chattm/chattm-app/node_modules/tapable/lib/HookCodeFactory.js:33:10), <anonymous>:15:1)
    at /Users/mac/Desktop/gums/chattm/chattm-app/node_modules/enhanced-resolve/lib/Resolver.js:519:5
    at eval (eval at create (/Users/mac/Desktop/gums/chattm/chattm-app/node_modules/tapable/lib/HookCodeFactory.js:33:10), <anonymous>:16:1)
    at /Users/mac/Desktop/gums/chattm/chattm-app/node_modules/enhanced-resolve/lib/Resolver.js:519:5
    at eval (eval at create (/Users/mac/Desktop/gums/chattm/chattm-app/node_modules/tapable/lib/HookCodeFactory.js:33:10), <anonymous>:16:1)
    at /Users/mac/Desktop/gums/chattm/chattm-app/node_modules/enhanced-resolve/lib/Resolver.js:519:5
    at eval (eval at create (/Users/mac/Desktop/gums/chattm/chattm-app/node_modules/tapable/lib/HookCodeFactory.js:33:10), <anonymous>:27:1)
    at /Users/mac/Desktop/gums/chattm/chattm-app/node_modules/enhanced-resolve/lib/DescriptionFilePlugin.js:89:43
    at /Users/mac/Desktop/gums/chattm/chattm-app/node_modules/enhanced-resolve/lib/Resolver.js:519:5
    at eval (eval at create (/Users/mac/Desktop/gums/chattm/chattm-app/node_modules/tapable/lib/HookCodeFactory.js:33:10), <anonymous>:16:1)
    at /Users/mac/Desktop/gums/chattm/chattm-app/node_modules/enhanced-resolve/lib/Resolver.js:519:5
    at eval (eval at create (/Users/mac/Desktop/gums/chattm/chattm-app/node_modules/tapable/lib/HookCodeFactory.js:33:10), <anonymous>:15:1)
    at /Users/mac/Desktop/gums/chattm/chattm-app/node_modules/enhanced-resolve/lib/DirectoryExistsPlugin.js:41:15
    at processTicksAndRejections (node:internal/process/task_queues:81:21)
--- End of error 1 ---
